<?xml version="1.0" encoding="UTF-8"?>
<robot generator="Robot 7.0.1 (Python 3.12.5 on win32)" generated="2024-09-12T12:10:56.243902" rpa="false" schemaversion="5">
<suite id="s1" name="Testapi" source="C:\Users\surajvis\OneDrive - Capgemini\Desktop\Surajbhan Personal\Learnings\Python\RBF\MyRobotFrameWorkProject\tests\test_suits\suit2\testapi.robot">
<test id="s1-t1" name="Play around the dictionary" line="14">
<kw name="Create Dictionary" owner="BuiltIn">
<msg time="2024-09-12T12:10:56.693644" level="INFO">&amp;{data} = { name=surajbhan | course=robotframework | company=capgemini }</msg>
<var>&amp;{data}</var>
<arg>name=surajbhan</arg>
<arg>course=robotframework</arg>
<arg>company=capgemini</arg>
<doc>Creates and returns a dictionary based on the given ``items``.</doc>
<status status="PASS" start="2024-09-12T12:10:56.692678" elapsed="0.000966"/>
</kw>
<kw name="Log" owner="BuiltIn">
<msg time="2024-09-12T12:10:56.694007" level="INFO">{'name': 'surajbhan', 'course': 'robotframework', 'company': 'capgemini'}</msg>
<arg>${data}</arg>
<doc>Logs the given message with the given level.</doc>
<status status="PASS" start="2024-09-12T12:10:56.694007" elapsed="0.000000"/>
</kw>
<kw name="Dictionary Should Contain Key" owner="Collections">
<arg>${data}</arg>
<arg>name</arg>
<doc>Fails if ``key`` is not found from ``dictionary``.</doc>
<status status="PASS" start="2024-09-12T12:10:56.694007" elapsed="0.000000"/>
</kw>
<kw name="Log" owner="BuiltIn">
<msg time="2024-09-12T12:10:56.694007" level="INFO">surajbhan</msg>
<arg>${data}[name]</arg>
<doc>Logs the given message with the given level.</doc>
<status status="PASS" start="2024-09-12T12:10:56.694007" elapsed="0.000000"/>
</kw>
<kw name="Get From Dictionary" owner="Collections">
<msg time="2024-09-12T12:10:56.695007" level="INFO">${value} = robotframework</msg>
<var>${value}</var>
<arg>${data}</arg>
<arg>course</arg>
<doc>Returns a value from the given ``dictionary`` based on the given ``key``.</doc>
<status status="PASS" start="2024-09-12T12:10:56.694007" elapsed="0.001000"/>
</kw>
<kw name="Log" owner="BuiltIn">
<msg time="2024-09-12T12:10:56.695007" level="INFO">robotframework</msg>
<arg>${value}</arg>
<doc>Logs the given message with the given level.</doc>
<status status="PASS" start="2024-09-12T12:10:56.695007" elapsed="0.000000"/>
</kw>
<status status="PASS" start="2024-09-12T12:10:56.692678" elapsed="0.002329"/>
</test>
<test id="s1-t2" name="Add book into library database" line="23">
<kw name="Create Dictionary" owner="BuiltIn">
<msg time="2024-09-12T12:10:56.696021" level="INFO">&amp;{data_payload} = { name=Learn Appium Automation with Java | isbn=if | aisle=46 | author=Suraj }</msg>
<var>&amp;{data_payload}</var>
<arg>name=${book_name}</arg>
<arg>isbn=if</arg>
<arg>aisle=46</arg>
<arg>author=Suraj</arg>
<doc>Creates and returns a dictionary based on the given ``items``.</doc>
<status status="PASS" start="2024-09-12T12:10:56.695007" elapsed="0.001014"/>
</kw>
<kw name="POST" owner="RequestsLibrary">
<msg time="2024-09-12T12:10:56.778375" level="INFO">POST Request : url=https://rahulshettyacademy.com/Library/Addbook.php 
 path_url=/Library/Addbook.php 
 headers={'User-Agent': 'python-requests/2.32.3', 'Accept-Encoding': 'gzip, deflate', 'Accept': '*/*', 'Connection': 'keep-alive', 'Content-Length': '93', 'Content-Type': 'application/json'} 
 body=b'{"name": "Learn Appium Automation with Java", "isbn": "if", "aisle": "46", "author": "Suraj"}' 
 </msg>
<msg time="2024-09-12T12:10:56.779374" level="INFO">POST Response : url=https://rahulshettyacademy.com/Library/Addbook.php 
 status=200, reason=OK 
 headers={'Date': 'Thu, 12 Sep 2024 06:40:56 GMT', 'Server': 'Apache/2.4.52 (Ubuntu)', 'Access-Control-Allow-Origin': '*', 'Access-Control-Allow-Methods': 'POST', 'Access-Control-Max-Age': '3600', 'Access-Control-Allow-Headers': 'Content-Type, Access-Control-Allow-Headers, Authorization, X-Requested-With', 'Content-Length': '40', 'Keep-Alive': 'timeout=5, max=100', 'Connection': 'Keep-Alive', 'Content-Type': 'application/json;charset=UTF-8'} 
 body={"Msg":"successfully added","ID":"if46"} 
 </msg>
<msg time="2024-09-12T12:10:56.779374" level="INFO">${response} = &lt;Response [200]&gt;</msg>
<var>${response}</var>
<arg>${base_url}/Library/Addbook.php</arg>
<arg>json=${data_payload}</arg>
<arg>expected_status=200</arg>
<doc>Sends a POST request.</doc>
<status status="PASS" start="2024-09-12T12:10:56.696021" elapsed="0.083353"/>
</kw>
<kw name="Log" owner="BuiltIn">
<msg time="2024-09-12T12:10:56.780371" level="INFO">{'Msg': 'successfully added', 'ID': 'if46'}</msg>
<arg>${response.json()}</arg>
<doc>Logs the given message with the given level.</doc>
<status status="PASS" start="2024-09-12T12:10:56.779374" elapsed="0.000997"/>
</kw>
<kw name="Dictionary Should Contain Key" owner="Collections">
<arg>${response.json()}</arg>
<arg>ID</arg>
<doc>Fails if ``key`` is not found from ``dictionary``.</doc>
<status status="PASS" start="2024-09-12T12:10:56.781381" elapsed="0.001001"/>
</kw>
<kw name="Get From Dictionary" owner="Collections">
<msg time="2024-09-12T12:10:56.783377" level="INFO">${Book_id} = if46</msg>
<var>${Book_id}</var>
<arg>${response.json()}</arg>
<arg>ID</arg>
<doc>Returns a value from the given ``dictionary`` based on the given ``key``.</doc>
<status status="PASS" start="2024-09-12T12:10:56.782382" elapsed="0.000995"/>
</kw>
<kw name="Set Global Variable" owner="BuiltIn">
<msg time="2024-09-12T12:10:56.783377" level="INFO">${Book_id} = if46</msg>
<arg>${Book_id}</arg>
<doc>Makes a variable available globally in all tests and suites.</doc>
<status status="PASS" start="2024-09-12T12:10:56.783377" elapsed="0.000000"/>
</kw>
<kw name="Log" owner="BuiltIn">
<msg time="2024-09-12T12:10:56.783377" level="INFO">if46</msg>
<arg>${Book_id}</arg>
<doc>Logs the given message with the given level.</doc>
<status status="PASS" start="2024-09-12T12:10:56.783377" elapsed="0.000000"/>
</kw>
<kw name="Should Be Equal As Strings" owner="BuiltIn">
<arg>successfully added</arg>
<arg>${response.json()}[Msg]</arg>
<doc>Fails if objects are unequal after converting them to strings.</doc>
<status status="PASS" start="2024-09-12T12:10:56.783377" elapsed="0.000997"/>
</kw>
<kw name="Status Should Be" owner="RequestsLibrary">
<arg>200</arg>
<arg>${response}</arg>
<doc>Fails if response status code is different than the expected.</doc>
<status status="PASS" start="2024-09-12T12:10:56.784374" elapsed="0.000000"/>
</kw>
<tag>API</tag>
<status status="PASS" start="2024-09-12T12:10:56.695007" elapsed="0.089367"/>
</test>
<test id="s1-t3" name="Get the Book which is added" line="35">
<kw name="GET" owner="RequestsLibrary">
<msg time="2024-09-12T12:10:56.825335" level="INFO">GET Request : url=https://rahulshettyacademy.com/Library/GetBook.php?%20ID=if46 
 path_url=/Library/GetBook.php?%20ID=if46 
 headers={'User-Agent': 'python-requests/2.32.3', 'Accept-Encoding': 'gzip, deflate', 'Accept': '*/*', 'Connection': 'keep-alive'} 
 body=None 
 </msg>
<msg time="2024-09-12T12:10:56.825335" level="INFO">GET Response : url=https://rahulshettyacademy.com/Library/GetBook.php?%20ID=if46 
 status=200, reason=OK 
 headers={'Date': 'Thu, 12 Sep 2024 06:40:56 GMT', 'Server': 'Apache/2.4.52 (Ubuntu)', 'Access-Control-Allow-Origin': '*', 'Access-Control-Allow-Methods': 'POST', 'Access-Control-Max-Age': '3600', 'Access-Control-Allow-Headers': 'Content-Type, Access-Control-Allow-Headers, Authorization, X-Requested-With', 'Content-Length': '93', 'Keep-Alive': 'timeout=5, max=100', 'Connection': 'Keep-Alive', 'Content-Type': 'application/json;charset=UTF-8'} 
 body=[{"book_name":"Learn Appium Automation with Java","isbn":"if","aisle":"46","author":"Suraj"}] 
 </msg>
<msg time="2024-09-12T12:10:56.825335" level="INFO">${get_response} = &lt;Response [200]&gt;</msg>
<var>${get_response}</var>
<arg>${base_url}/Library/GetBook.php?</arg>
<arg>params= ID=${Book_id}</arg>
<arg>expected_status=200</arg>
<doc>Sends a GET request.</doc>
<status status="PASS" start="2024-09-12T12:10:56.785373" elapsed="0.039962"/>
</kw>
<kw name="Log" owner="BuiltIn">
<msg time="2024-09-12T12:10:56.826329" level="INFO">[{'book_name': 'Learn Appium Automation with Java', 'isbn': 'if', 'aisle': '46', 'author': 'Suraj'}]</msg>
<arg>${get_response.json()}</arg>
<doc>Logs the given message with the given level.</doc>
<status status="PASS" start="2024-09-12T12:10:56.826329" elapsed="0.000000"/>
</kw>
<kw name="Should Be Equal As Strings" owner="BuiltIn">
<arg>${book_name}</arg>
<arg>${get_response.json()[0]['book_name']}</arg>
<doc>Fails if objects are unequal after converting them to strings.</doc>
<status status="PASS" start="2024-09-12T12:10:56.827350" elapsed="0.000000"/>
</kw>
<tag>API</tag>
<status status="PASS" start="2024-09-12T12:10:56.785373" elapsed="0.041977"/>
</test>
<test id="s1-t4" name="Delete the added book" line="41">
<kw name="Create Dictionary" owner="BuiltIn">
<msg time="2024-09-12T12:10:56.828379" level="INFO">${json_payload} = {'ID': 'if46'}</msg>
<var>${json_payload}</var>
<arg>ID=${Book_id}</arg>
<doc>Creates and returns a dictionary based on the given ``items``.</doc>
<status status="PASS" start="2024-09-12T12:10:56.828379" elapsed="0.000000"/>
</kw>
<kw name="DELETE" owner="RequestsLibrary">
<msg time="2024-09-12T12:10:56.884192" level="INFO">DELETE Request : url=https://rahulshettyacademy.com/Library/DeleteBook.php 
 path_url=/Library/DeleteBook.php 
 headers={'User-Agent': 'python-requests/2.32.3', 'Accept-Encoding': 'gzip, deflate', 'Accept': '*/*', 'Connection': 'keep-alive', 'Content-Length': '14', 'Content-Type': 'application/json'} 
 body=b'{"ID": "if46"}' 
 </msg>
<msg time="2024-09-12T12:10:56.884192" level="INFO">DELETE Response : url=https://rahulshettyacademy.com/Library/DeleteBook.php 
 status=200, reason=OK 
 headers={'Date': 'Thu, 12 Sep 2024 06:40:56 GMT', 'Server': 'Apache/2.4.52 (Ubuntu)', 'Access-Control-Allow-Origin': '*', 'Access-Control-Allow-Methods': 'POST', 'Access-Control-Max-Age': '3600', 'Access-Control-Allow-Headers': 'Content-Type, Access-Control-Allow-Headers, Authorization, X-Requested-With', 'Content-Length': '38', 'Keep-Alive': 'timeout=5, max=100', 'Connection': 'Keep-Alive', 'Content-Type': 'application/json;charset=UTF-8'} 
 body={"msg":"book is successfully deleted"} 
 </msg>
<msg time="2024-09-12T12:10:56.884192" level="INFO">${response} = &lt;Response [200]&gt;</msg>
<var>${response}</var>
<arg>${base_url}/Library/DeleteBook.php</arg>
<arg>json=${json_payload}</arg>
<doc>Sends a DELETE request.</doc>
<status status="PASS" start="2024-09-12T12:10:56.829375" elapsed="0.054817"/>
</kw>
<kw name="Log" owner="BuiltIn">
<msg time="2024-09-12T12:10:56.885219" level="INFO">{'msg': 'book is successfully deleted'}</msg>
<arg>${response.json()}</arg>
<doc>Logs the given message with the given level.</doc>
<status status="PASS" start="2024-09-12T12:10:56.885219" elapsed="0.000000"/>
</kw>
<kw name="Should Be Equal As Strings" owner="BuiltIn">
<arg>book is successfully deleted</arg>
<arg>${response.json()}[msg]</arg>
<doc>Fails if objects are unequal after converting them to strings.</doc>
<status status="PASS" start="2024-09-12T12:10:56.886184" elapsed="0.000000"/>
</kw>
<tag>API</tag>
<status status="PASS" start="2024-09-12T12:10:56.828379" elapsed="0.057805"/>
</test>
<status status="PASS" start="2024-09-12T12:10:56.246327" elapsed="0.641851"/>
</suite>
<statistics>
<total>
<stat pass="4" fail="0" skip="0">All Tests</stat>
</total>
<tag>
<stat pass="3" fail="0" skip="0">API</stat>
</tag>
<suite>
<stat pass="4" fail="0" skip="0" id="s1" name="Testapi">Testapi</stat>
</suite>
</statistics>
<errors>
</errors>
</robot>
