<?xml version="1.0" encoding="UTF-8"?>
<robot generator="Robot 7.0.1 (Python 3.12.5 on win32)" generated="2024-09-11T17:59:48.829634" rpa="false" schemaversion="5">
<suite id="s1" name="Test Suits" source="C:\Users\surajvis\OneDrive - Capgemini\Desktop\Surajbhan Personal\Learnings\Python\RBF\MyRobotFrameWorkProject\tests\test_suits">
<suite id="s1-s1" name="Login" source="C:\Users\surajvis\OneDrive - Capgemini\Desktop\Surajbhan Personal\Learnings\Python\RBF\MyRobotFrameWorkProject\tests\test_suits\Login">
<suite id="s1-s1-s1" name="Login" source="C:\Users\surajvis\OneDrive - Capgemini\Desktop\Surajbhan Personal\Learnings\Python\RBF\MyRobotFrameWorkProject\tests\test_suits\Login\login.robot">
<test id="s1-s1-s1-t1" name="Check The login with valid credentials" line="10">
<kw name="Launch the page" owner="keywords">
<kw name="Create Webdriver" owner="SeleniumLibrary">
<msg time="2024-09-11T17:59:49.040252" level="INFO">Creating an instance of the Chrome WebDriver.</msg>
<arg>${browser}</arg>
<doc>Creates an instance of Selenium WebDriver.</doc>
<status status="PASS" start="2024-09-11T17:59:49.040252" elapsed="6.505362"/>
</kw>
<kw name="Maximize Browser Window" owner="SeleniumLibrary">
<doc>Maximizes current browser window.</doc>
<status status="PASS" start="2024-09-11T17:59:55.545614" elapsed="0.025766"/>
</kw>
<kw name="Go To" owner="SeleniumLibrary">
<msg time="2024-09-11T17:59:55.571380" level="INFO">Opening url 'https://www.saucedemo.com/v1/index.html'</msg>
<arg>${url}</arg>
<doc>Navigates the current browser window to the provided ``url``.</doc>
<status status="PASS" start="2024-09-11T17:59:55.571380" elapsed="0.455393"/>
</kw>
<arg>Chrome</arg>
<status status="PASS" start="2024-09-11T17:59:49.039254" elapsed="6.987519"/>
</kw>
<kw name="Enter the username" owner="keywords">
<kw name="Input Text" owner="SeleniumLibrary">
<msg time="2024-09-11T17:59:56.029763" level="INFO">Typing text 'standard_user' into text field 'id:user-name'.</msg>
<arg>${user_locator}</arg>
<arg>${user_name}</arg>
<doc>Types the given ``text`` into the text field identified by ``locator``.</doc>
<status status="PASS" start="2024-09-11T17:59:56.028766" elapsed="0.123765"/>
</kw>
<kw name="Input Text" owner="SeleniumLibrary">
<msg time="2024-09-11T17:59:56.152531" level="INFO">Typing text 'secret_sauce' into text field 'id:password'.</msg>
<arg>${password_locator}</arg>
<arg>${password}</arg>
<doc>Types the given ``text`` into the text field identified by ``locator``.</doc>
<status status="PASS" start="2024-09-11T17:59:56.152531" elapsed="0.078174"/>
</kw>
<kw name="Click Button" owner="SeleniumLibrary">
<msg time="2024-09-11T17:59:56.231715" level="INFO">Clicking button 'xpath://input[@value='LOGIN']'.</msg>
<arg>${login_btn_locator}</arg>
<doc>Clicks the button identified by ``locator``.</doc>
<status status="PASS" start="2024-09-11T17:59:56.230705" elapsed="0.459461"/>
</kw>
<kw name="Sleep" owner="BuiltIn">
<msg time="2024-09-11T17:59:58.691707" level="INFO">Slept 2 seconds.</msg>
<arg>2</arg>
<doc>Pauses the test executed for the given time.</doc>
<status status="PASS" start="2024-09-11T17:59:56.691437" elapsed="2.000270"/>
</kw>
<status status="PASS" start="2024-09-11T17:59:56.028766" elapsed="2.662941"/>
</kw>
<kw name="Verify the login" owner="keywords">
<kw name="Element Text Should Be" owner="SeleniumLibrary">
<msg time="2024-09-11T17:59:58.694084" level="INFO">Verifying element 'xpath://div[text()='Products']' contains exact text 'Products'.</msg>
<arg>${login_assertion_locator}</arg>
<arg>${login_assertion}</arg>
<doc>Verifies that element ``locator`` contains exact the text ``expected``.</doc>
<status status="PASS" start="2024-09-11T17:59:58.694084" elapsed="0.034953"/>
</kw>
<status status="PASS" start="2024-09-11T17:59:58.693080" elapsed="0.035957"/>
</kw>
<kw name="Hello Day" owner="Hello">
<msg time="2024-09-11T17:59:58.729037" level="INFO">Hello World</msg>
<status status="PASS" start="2024-09-11T17:59:58.729037" elapsed="0.000000"/>
</kw>
<tag>SMOKE</tag>
<status status="PASS" start="2024-09-11T17:59:49.039254" elapsed="9.690779"/>
</test>
<test id="s1-s1-s1-t2" name="Adding the item into the cart" line="17">
<kw name="Launch the page" owner="keywords">
<kw name="Create Webdriver" owner="SeleniumLibrary">
<msg time="2024-09-11T17:59:58.731031" level="INFO">Creating an instance of the Chrome WebDriver.</msg>
<arg>${browser}</arg>
<doc>Creates an instance of Selenium WebDriver.</doc>
<status status="PASS" start="2024-09-11T17:59:58.731031" elapsed="2.142906"/>
</kw>
<kw name="Maximize Browser Window" owner="SeleniumLibrary">
<doc>Maximizes current browser window.</doc>
<status status="PASS" start="2024-09-11T18:00:00.873937" elapsed="0.029664"/>
</kw>
<kw name="Go To" owner="SeleniumLibrary">
<msg time="2024-09-11T18:00:00.904603" level="INFO">Opening url 'https://www.saucedemo.com/v1/index.html'</msg>
<arg>${url}</arg>
<doc>Navigates the current browser window to the provided ``url``.</doc>
<status status="PASS" start="2024-09-11T18:00:00.904603" elapsed="0.252353"/>
</kw>
<arg>Chrome</arg>
<status status="PASS" start="2024-09-11T17:59:58.730033" elapsed="2.426923"/>
</kw>
<kw name="Enter the username" owner="keywords">
<kw name="Input Text" owner="SeleniumLibrary">
<msg time="2024-09-11T18:00:01.158339" level="INFO">Typing text 'standard_user' into text field 'id:user-name'.</msg>
<arg>${user_locator}</arg>
<arg>${user_name}</arg>
<doc>Types the given ``text`` into the text field identified by ``locator``.</doc>
<status status="PASS" start="2024-09-11T18:00:01.158339" elapsed="0.120724"/>
</kw>
<kw name="Input Text" owner="SeleniumLibrary">
<msg time="2024-09-11T18:00:01.280467" level="INFO">Typing text 'secret_sauce' into text field 'id:password'.</msg>
<arg>${password_locator}</arg>
<arg>${password}</arg>
<doc>Types the given ``text`` into the text field identified by ``locator``.</doc>
<status status="PASS" start="2024-09-11T18:00:01.280467" elapsed="0.089459"/>
</kw>
<kw name="Click Button" owner="SeleniumLibrary">
<msg time="2024-09-11T18:00:01.369926" level="INFO">Clicking button 'xpath://input[@value='LOGIN']'.</msg>
<arg>${login_btn_locator}</arg>
<doc>Clicks the button identified by ``locator``.</doc>
<status status="PASS" start="2024-09-11T18:00:01.369926" elapsed="0.404742"/>
</kw>
<kw name="Sleep" owner="BuiltIn">
<msg time="2024-09-11T18:00:03.774830" level="INFO">Slept 2 seconds.</msg>
<arg>2</arg>
<doc>Pauses the test executed for the given time.</doc>
<status status="PASS" start="2024-09-11T18:00:01.774668" elapsed="2.000162"/>
</kw>
<status status="PASS" start="2024-09-11T18:00:01.156956" elapsed="2.617874"/>
</kw>
<kw name="Verify the login" owner="keywords">
<kw name="Element Text Should Be" owner="SeleniumLibrary">
<msg time="2024-09-11T18:00:03.776925" level="INFO">Verifying element 'xpath://div[text()='Products']' contains exact text 'Products'.</msg>
<arg>${login_assertion_locator}</arg>
<arg>${login_assertion}</arg>
<doc>Verifies that element ``locator`` contains exact the text ``expected``.</doc>
<status status="PASS" start="2024-09-11T18:00:03.776925" elapsed="0.034827"/>
</kw>
<status status="PASS" start="2024-09-11T18:00:03.775870" elapsed="0.035882"/>
</kw>
<kw name="Click on the desired products" owner="keywords">
<kw name="Click Element" owner="SeleniumLibrary">
<msg time="2024-09-11T18:00:03.812461" level="INFO">Clicking element 'xpath://*[contains(text(), 'Sauce Labs Bolt T-Shirt')]'.</msg>
<arg>${product_locator}</arg>
<doc>Click the element identified by ``locator``.</doc>
<status status="PASS" start="2024-09-11T18:00:03.812461" elapsed="0.092556"/>
</kw>
<status status="PASS" start="2024-09-11T18:00:03.812461" elapsed="0.092556"/>
</kw>
<kw name="Click on add to cart btn" owner="keywords">
<kw name="Click Button" owner="SeleniumLibrary">
<msg time="2024-09-11T18:00:03.905017" level="INFO">Clicking button 'xpath://*[contains(text(), 'ADD TO CART')]'.</msg>
<arg>${add_btn_locator}</arg>
<doc>Clicks the button identified by ``locator``.</doc>
<status status="PASS" start="2024-09-11T18:00:03.905017" elapsed="0.060068"/>
</kw>
<kw name="Sleep" owner="BuiltIn">
<msg time="2024-09-11T18:00:05.965159" level="INFO">Slept 2 seconds.</msg>
<arg>2</arg>
<doc>Pauses the test executed for the given time.</doc>
<status status="PASS" start="2024-09-11T18:00:03.965085" elapsed="2.000074"/>
</kw>
<kw name="Element Text Should Be" owner="SeleniumLibrary">
<msg time="2024-09-11T18:00:05.965662" level="INFO">Verifying element 'xpath://*[contains(text(), 'REMOVE')]' contains exact text 'REMOVE'.</msg>
<arg>${remove_locator}</arg>
<arg>${remove_text}</arg>
<doc>Verifies that element ``locator`` contains exact the text ``expected``.</doc>
<status status="PASS" start="2024-09-11T18:00:05.965159" elapsed="0.018069"/>
</kw>
<status status="PASS" start="2024-09-11T18:00:03.905017" elapsed="2.078211"/>
</kw>
<tag>Regression</tag>
<status status="PASS" start="2024-09-11T17:59:58.730033" elapsed="7.254495"/>
</test>
<doc>To check the login page with valid credentials</doc>
<status status="PASS" start="2024-09-11T17:59:48.863986" elapsed="17.121539"/>
</suite>
<status status="PASS" start="2024-09-11T17:59:48.861961" elapsed="17.123564"/>
</suite>
<status status="PASS" start="2024-09-11T17:59:48.831630" elapsed="17.154959"/>
</suite>
<statistics>
<total>
<stat pass="2" fail="0" skip="0">All Tests</stat>
</total>
<tag>
<stat pass="1" fail="0" skip="0">Regression</stat>
<stat pass="1" fail="0" skip="0">SMOKE</stat>
</tag>
<suite>
<stat pass="2" fail="0" skip="0" id="s1" name="Test Suits">Test Suits</stat>
<stat pass="2" fail="0" skip="0" id="s1-s1" name="Login">Test Suits.Login</stat>
<stat pass="2" fail="0" skip="0" id="s1-s1-s1" name="Login">Test Suits.Login.Login</stat>
</suite>
</statistics>
<errors>
</errors>
</robot>
