<?xml version="1.0" encoding="UTF-8"?>
<robot generator="Robot 7.0.1 (Python 3.12.5 on win32)" generated="2024-09-11T18:27:14.502349" rpa="false" schemaversion="5">
<suite id="s1" name="Login" source="C:\Users\surajvis\OneDrive - Capgemini\Desktop\Surajbhan Personal\Learnings\Python\RBF\MyRobotFrameWorkProject\tests\test_suits\Login\login.robot">
<test id="s1-t1" name="Check The login with valid credentials" line="10">
<kw name="Launch the page" owner="keywords">
<kw name="Create Webdriver" owner="SeleniumLibrary">
<msg time="2024-09-11T18:27:14.713066" level="INFO">Creating an instance of the Edge WebDriver.</msg>
<arg>${browser}</arg>
<doc>Creates an instance of Selenium WebDriver.</doc>
<status status="PASS" start="2024-09-11T18:27:14.713066" elapsed="2.750397"/>
</kw>
<kw name="Maximize Browser Window" owner="SeleniumLibrary">
<doc>Maximizes current browser window.</doc>
<status status="PASS" start="2024-09-11T18:27:17.463463" elapsed="0.106839"/>
</kw>
<kw name="Go To" owner="SeleniumLibrary">
<msg time="2024-09-11T18:27:17.570302" level="INFO">Opening url 'https://www.saucedemo.com/v1/index.html'</msg>
<arg>${url}</arg>
<doc>Navigates the current browser window to the provided ``url``.</doc>
<status status="PASS" start="2024-09-11T18:27:17.570302" elapsed="0.282469"/>
</kw>
<status status="PASS" start="2024-09-11T18:27:14.713066" elapsed="3.139705"/>
</kw>
<kw name="Enter the username" owner="keywords">
<kw name="Input Text" owner="SeleniumLibrary">
<msg time="2024-09-11T18:27:17.856025" level="INFO">Typing text 'standard_user' into text field 'id:user-name'.</msg>
<arg>${user_locator}</arg>
<arg>${user_name}</arg>
<doc>Types the given ``text`` into the text field identified by ``locator``.</doc>
<status status="PASS" start="2024-09-11T18:27:17.856025" elapsed="0.124222"/>
</kw>
<kw name="Input Text" owner="SeleniumLibrary">
<msg time="2024-09-11T18:27:17.980247" level="INFO">Typing text 'secret_sauce' into text field 'id:password'.</msg>
<arg>${password_locator}</arg>
<arg>${password}</arg>
<doc>Types the given ``text`` into the text field identified by ``locator``.</doc>
<status status="PASS" start="2024-09-11T18:27:17.980247" elapsed="0.094114"/>
</kw>
<kw name="Click Button" owner="SeleniumLibrary">
<msg time="2024-09-11T18:27:18.075569" level="INFO">Clicking button 'xpath://input[@value='LOGIN']'.</msg>
<arg>${login_btn_locator}</arg>
<doc>Clicks the button identified by ``locator``.</doc>
<status status="PASS" start="2024-09-11T18:27:18.074361" elapsed="0.338677"/>
</kw>
<kw name="Sleep" owner="BuiltIn">
<msg time="2024-09-11T18:27:20.414641" level="INFO">Slept 2 seconds.</msg>
<arg>2</arg>
<doc>Pauses the test executed for the given time.</doc>
<status status="PASS" start="2024-09-11T18:27:18.413038" elapsed="2.001603"/>
</kw>
<status status="PASS" start="2024-09-11T18:27:17.854765" elapsed="2.559876"/>
</kw>
<kw name="Verify the login" owner="keywords">
<kw name="Element Text Should Be" owner="SeleniumLibrary">
<msg time="2024-09-11T18:27:20.417316" level="INFO">Verifying element 'xpath://div[text()='Products']' contains exact text 'Products'.</msg>
<arg>${login_assertion_locator}</arg>
<arg>${login_assertion}</arg>
<doc>Verifies that element ``locator`` contains exact the text ``expected``.</doc>
<status status="PASS" start="2024-09-11T18:27:20.416308" elapsed="0.039297"/>
</kw>
<status status="PASS" start="2024-09-11T18:27:20.416308" elapsed="0.039297"/>
</kw>
<kw name="Hello Day" owner="Hello">
<msg time="2024-09-11T18:27:20.456468" level="INFO">Hello World</msg>
<status status="PASS" start="2024-09-11T18:27:20.456468" elapsed="0.000000"/>
</kw>
<tag>SMOKE</tag>
<status status="PASS" start="2024-09-11T18:27:14.712609" elapsed="5.744462"/>
</test>
<test id="s1-t2" name="Adding the item into the cart" line="17">
<kw name="Launch the page" owner="keywords">
<kw name="Create Webdriver" owner="SeleniumLibrary">
<msg time="2024-09-11T18:27:20.457907" level="INFO">Creating an instance of the Edge WebDriver.</msg>
<arg>${browser}</arg>
<doc>Creates an instance of Selenium WebDriver.</doc>
<status status="PASS" start="2024-09-11T18:27:20.457907" elapsed="3.699595"/>
</kw>
<kw name="Maximize Browser Window" owner="SeleniumLibrary">
<doc>Maximizes current browser window.</doc>
<status status="PASS" start="2024-09-11T18:27:24.158764" elapsed="0.107008"/>
</kw>
<kw name="Go To" owner="SeleniumLibrary">
<msg time="2024-09-11T18:27:24.266770" level="INFO">Opening url 'https://www.saucedemo.com/v1/index.html'</msg>
<arg>${url}</arg>
<doc>Navigates the current browser window to the provided ``url``.</doc>
<status status="PASS" start="2024-09-11T18:27:24.266770" elapsed="0.282949"/>
</kw>
<status status="PASS" start="2024-09-11T18:27:20.457907" elapsed="4.091812"/>
</kw>
<kw name="Enter the username" owner="keywords">
<kw name="Input Text" owner="SeleniumLibrary">
<msg time="2024-09-11T18:27:24.554703" level="INFO">Typing text 'standard_user' into text field 'id:user-name'.</msg>
<arg>${user_locator}</arg>
<arg>${user_name}</arg>
<doc>Types the given ``text`` into the text field identified by ``locator``.</doc>
<status status="PASS" start="2024-09-11T18:27:24.554703" elapsed="0.143822"/>
</kw>
<kw name="Input Text" owner="SeleniumLibrary">
<msg time="2024-09-11T18:27:24.698525" level="INFO">Typing text 'secret_sauce' into text field 'id:password'.</msg>
<arg>${password_locator}</arg>
<arg>${password}</arg>
<doc>Types the given ``text`` into the text field identified by ``locator``.</doc>
<status status="PASS" start="2024-09-11T18:27:24.698525" elapsed="0.076761"/>
</kw>
<kw name="Click Button" owner="SeleniumLibrary">
<msg time="2024-09-11T18:27:24.775286" level="INFO">Clicking button 'xpath://input[@value='LOGIN']'.</msg>
<arg>${login_btn_locator}</arg>
<doc>Clicks the button identified by ``locator``.</doc>
<status status="PASS" start="2024-09-11T18:27:24.775286" elapsed="0.407087"/>
</kw>
<kw name="Sleep" owner="BuiltIn">
<msg time="2024-09-11T18:27:27.182543" level="INFO">Slept 2 seconds.</msg>
<arg>2</arg>
<doc>Pauses the test executed for the given time.</doc>
<status status="PASS" start="2024-09-11T18:27:25.182373" elapsed="2.000170"/>
</kw>
<status status="PASS" start="2024-09-11T18:27:24.553708" elapsed="2.628835"/>
</kw>
<kw name="Verify the login" owner="keywords">
<kw name="Element Text Should Be" owner="SeleniumLibrary">
<msg time="2024-09-11T18:27:27.184560" level="INFO">Verifying element 'xpath://div[text()='Products']' contains exact text 'Products'.</msg>
<arg>${login_assertion_locator}</arg>
<arg>${login_assertion}</arg>
<doc>Verifies that element ``locator`` contains exact the text ``expected``.</doc>
<status status="PASS" start="2024-09-11T18:27:27.184560" elapsed="0.032875"/>
</kw>
<status status="PASS" start="2024-09-11T18:27:27.183567" elapsed="0.033868"/>
</kw>
<kw name="Click on the desired products" owner="keywords">
<kw name="Click Element" owner="SeleniumLibrary">
<msg time="2024-09-11T18:27:27.218306" level="INFO">Clicking element 'xpath://*[contains(text(), 'Sauce Labs Bolt T-Shirt')]'.</msg>
<arg>${product_locator}</arg>
<doc>Click the element identified by ``locator``.</doc>
<status status="PASS" start="2024-09-11T18:27:27.218306" elapsed="0.107777"/>
</kw>
<status status="PASS" start="2024-09-11T18:27:27.218306" elapsed="0.107777"/>
</kw>
<kw name="Click on add to cart btn" owner="keywords">
<kw name="Click Button" owner="SeleniumLibrary">
<msg time="2024-09-11T18:27:27.327080" level="INFO">Clicking button 'xpath://*[contains(text(), 'ADD TO CART')]'.</msg>
<arg>${add_btn_locator}</arg>
<doc>Clicks the button identified by ``locator``.</doc>
<status status="PASS" start="2024-09-11T18:27:27.327080" elapsed="0.061792"/>
</kw>
<kw name="Sleep" owner="BuiltIn">
<msg time="2024-09-11T18:27:29.389078" level="INFO">Slept 2 seconds.</msg>
<arg>2</arg>
<doc>Pauses the test executed for the given time.</doc>
<status status="PASS" start="2024-09-11T18:27:27.388872" elapsed="2.000206"/>
</kw>
<kw name="Element Text Should Be" owner="SeleniumLibrary">
<msg time="2024-09-11T18:27:29.389582" level="INFO">Verifying element 'xpath://*[contains(text(), 'REMOVE')]' contains exact text 'REMOVE'.</msg>
<arg>${remove_locator}</arg>
<arg>${remove_text}</arg>
<doc>Verifies that element ``locator`` contains exact the text ``expected``.</doc>
<status status="PASS" start="2024-09-11T18:27:29.389582" elapsed="0.022858"/>
</kw>
<status status="PASS" start="2024-09-11T18:27:27.327080" elapsed="2.085360"/>
</kw>
<tag>Regression</tag>
<status status="PASS" start="2024-09-11T18:27:20.457907" elapsed="8.954533"/>
</test>
<doc>To check the login page with valid credentials</doc>
<status status="PASS" start="2024-09-11T18:27:14.504798" elapsed="14.909005"/>
</suite>
<statistics>
<total>
<stat pass="2" fail="0" skip="0">All Tests</stat>
</total>
<tag>
<stat pass="1" fail="0" skip="0">Regression</stat>
<stat pass="1" fail="0" skip="0">SMOKE</stat>
</tag>
<suite>
<stat pass="2" fail="0" skip="0" id="s1" name="Login">Login</stat>
</suite>
</statistics>
<errors>
</errors>
</robot>
