<?xml version="1.0" encoding="UTF-8"?>
<robot generator="Robot 7.0.1 (Python 3.12.5 on win32)" generated="2024-09-11T17:08:59.163056" rpa="false" schemaversion="5">
<suite id="s1" name="Login" source="C:\Users\surajvis\OneDrive - Capgemini\Desktop\Surajbhan Personal\Learnings\Python\RBF\MyRobotFrameWorkProject\tests\test_suits\Login">
<suite id="s1-s1" name="Login" source="C:\Users\surajvis\OneDrive - Capgemini\Desktop\Surajbhan Personal\Learnings\Python\RBF\MyRobotFrameWorkProject\tests\test_suits\Login\login.robot">
<test id="s1-s1-t1" name="Check The login with valid credentials" line="10">
<kw name="Launch the page" owner="keywords">
<kw name="Create Webdriver" owner="SeleniumLibrary">
<msg time="2024-09-11T17:08:59.479645" level="INFO">Creating an instance of the Chrome WebDriver.</msg>
<arg>${browser}</arg>
<doc>Creates an instance of Selenium WebDriver.</doc>
<status status="PASS" start="2024-09-11T17:08:59.479645" elapsed="3.560615"/>
</kw>
<kw name="Maximize Browser Window" owner="SeleniumLibrary">
<doc>Maximizes current browser window.</doc>
<status status="PASS" start="2024-09-11T17:09:03.040260" elapsed="0.043679"/>
</kw>
<kw name="Go To" owner="SeleniumLibrary">
<msg time="2024-09-11T17:09:03.085080" level="INFO">Opening url 'https://www.saucedemo.com/v1/index.html'</msg>
<arg>${url}</arg>
<doc>Navigates the current browser window to the provided ``url``.</doc>
<status status="PASS" start="2024-09-11T17:09:03.085080" elapsed="0.488406"/>
</kw>
<arg>Chrome</arg>
<status status="PASS" start="2024-09-11T17:08:59.478649" elapsed="4.095912"/>
</kw>
<kw name="Enter the username" owner="keywords">
<kw name="Input Text" owner="SeleniumLibrary">
<msg time="2024-09-11T17:09:03.578096" level="INFO">Typing text 'standard_user' into text field 'id:user-name'.</msg>
<arg>${user_locator}</arg>
<arg>${user_name}</arg>
<doc>Types the given ``text`` into the text field identified by ``locator``.</doc>
<status status="PASS" start="2024-09-11T17:09:03.578096" elapsed="0.214916"/>
</kw>
<kw name="Input Text" owner="SeleniumLibrary">
<msg time="2024-09-11T17:09:03.794066" level="INFO">Typing text 'secret_sauce' into text field 'id:password'.</msg>
<arg>${password_locator}</arg>
<arg>${password}</arg>
<doc>Types the given ``text`` into the text field identified by ``locator``.</doc>
<status status="PASS" start="2024-09-11T17:09:03.793012" elapsed="0.145130"/>
</kw>
<kw name="Click Button" owner="SeleniumLibrary">
<msg time="2024-09-11T17:09:03.939139" level="INFO">Clicking button 'xpath://input[@value='LOGIN']'.</msg>
<arg>${login_btn_locator}</arg>
<doc>Clicks the button identified by ``locator``.</doc>
<status status="PASS" start="2024-09-11T17:09:03.939139" elapsed="0.448966"/>
</kw>
<kw name="Sleep" owner="BuiltIn">
<msg time="2024-09-11T17:09:06.389720" level="INFO">Slept 2 seconds.</msg>
<arg>2</arg>
<doc>Pauses the test executed for the given time.</doc>
<status status="PASS" start="2024-09-11T17:09:04.389102" elapsed="2.000618"/>
</kw>
<status status="PASS" start="2024-09-11T17:09:03.574561" elapsed="2.815159"/>
</kw>
<kw name="Verify the login" owner="keywords">
<kw name="Element Text Should Be" owner="SeleniumLibrary">
<msg time="2024-09-11T17:09:06.390799" level="INFO">Verifying element 'xpath://div[text()='Products']' contains exact text 'Products'.</msg>
<arg>${login_assertion_locator}</arg>
<arg>${login_assertion}</arg>
<doc>Verifies that element ``locator`` contains exact the text ``expected``.</doc>
<status status="PASS" start="2024-09-11T17:09:06.390799" elapsed="0.047944"/>
</kw>
<status status="PASS" start="2024-09-11T17:09:06.389720" elapsed="0.049023"/>
</kw>
<kw name="Hello Day" owner="Hello">
<msg time="2024-09-11T17:09:06.439741" level="INFO">Hello World</msg>
<status status="PASS" start="2024-09-11T17:09:06.439741" elapsed="0.000000"/>
</kw>
<status status="PASS" start="2024-09-11T17:08:59.477652" elapsed="6.963082"/>
</test>
<test id="s1-s1-t2" name="Adding the item into the cart" line="16">
<kw name="Launch the page" owner="keywords">
<kw name="Create Webdriver" owner="SeleniumLibrary">
<msg time="2024-09-11T17:09:06.443726" level="INFO">Creating an instance of the Chrome WebDriver.</msg>
<arg>${browser}</arg>
<doc>Creates an instance of Selenium WebDriver.</doc>
<status status="PASS" start="2024-09-11T17:09:06.442727" elapsed="3.394845"/>
</kw>
<kw name="Maximize Browser Window" owner="SeleniumLibrary">
<doc>Maximizes current browser window.</doc>
<status status="PASS" start="2024-09-11T17:09:09.837572" elapsed="0.047448"/>
</kw>
<kw name="Go To" owner="SeleniumLibrary">
<msg time="2024-09-11T17:09:09.887015" level="INFO">Opening url 'https://www.saucedemo.com/v1/index.html'</msg>
<arg>${url}</arg>
<doc>Navigates the current browser window to the provided ``url``.</doc>
<status status="PASS" start="2024-09-11T17:09:09.886015" elapsed="0.336392"/>
</kw>
<arg>Chrome</arg>
<status status="PASS" start="2024-09-11T17:09:06.442727" elapsed="3.779680"/>
</kw>
<kw name="Enter the username" owner="keywords">
<kw name="Input Text" owner="SeleniumLibrary">
<msg time="2024-09-11T17:09:10.224910" level="INFO">Typing text 'standard_user' into text field 'id:user-name'.</msg>
<arg>${user_locator}</arg>
<arg>${user_name}</arg>
<doc>Types the given ``text`` into the text field identified by ``locator``.</doc>
<status status="PASS" start="2024-09-11T17:09:10.223898" elapsed="0.189132"/>
</kw>
<kw name="Input Text" owner="SeleniumLibrary">
<msg time="2024-09-11T17:09:10.414049" level="INFO">Typing text 'secret_sauce' into text field 'id:password'.</msg>
<arg>${password_locator}</arg>
<arg>${password}</arg>
<doc>Types the given ``text`` into the text field identified by ``locator``.</doc>
<status status="PASS" start="2024-09-11T17:09:10.414049" elapsed="0.145161"/>
</kw>
<kw name="Click Button" owner="SeleniumLibrary">
<msg time="2024-09-11T17:09:10.560254" level="INFO">Clicking button 'xpath://input[@value='LOGIN']'.</msg>
<arg>${login_btn_locator}</arg>
<doc>Clicks the button identified by ``locator``.</doc>
<status status="PASS" start="2024-09-11T17:09:10.559210" elapsed="0.531678"/>
</kw>
<kw name="Sleep" owner="BuiltIn">
<msg time="2024-09-11T17:09:13.092253" level="INFO">Slept 2 seconds.</msg>
<arg>2</arg>
<doc>Pauses the test executed for the given time.</doc>
<status status="PASS" start="2024-09-11T17:09:11.090888" elapsed="2.001365"/>
</kw>
<status status="PASS" start="2024-09-11T17:09:10.222407" elapsed="2.869846"/>
</kw>
<kw name="Verify the login" owner="keywords">
<kw name="Element Text Should Be" owner="SeleniumLibrary">
<msg time="2024-09-11T17:09:13.094769" level="INFO">Verifying element 'xpath://div[text()='Products']' contains exact text 'Products'.</msg>
<arg>${login_assertion_locator}</arg>
<arg>${login_assertion}</arg>
<doc>Verifies that element ``locator`` contains exact the text ``expected``.</doc>
<status status="PASS" start="2024-09-11T17:09:13.093758" elapsed="0.051132"/>
</kw>
<status status="PASS" start="2024-09-11T17:09:13.092253" elapsed="0.053642"/>
</kw>
<kw name="Click on the desired products" owner="keywords">
<kw name="Click Element" owner="SeleniumLibrary">
<msg time="2024-09-11T17:09:13.146891" level="INFO">Clicking element 'xpath://*[contains(text(), 'Sauce Labs Bolt T-Shirt')]'.</msg>
<arg>${product_locator}</arg>
<doc>Click the element identified by ``locator``.</doc>
<status status="PASS" start="2024-09-11T17:09:13.146891" elapsed="0.241304"/>
</kw>
<status status="PASS" start="2024-09-11T17:09:13.145895" elapsed="0.243297"/>
</kw>
<kw name="Click on add to cart btn" owner="keywords">
<kw name="Click Button" owner="SeleniumLibrary">
<msg time="2024-09-11T17:09:13.391185" level="INFO">Clicking button 'xpath://*[contains(text(), 'ADD TO CART')]'.</msg>
<arg>${add_btn_locator}</arg>
<doc>Clicks the button identified by ``locator``.</doc>
<status status="PASS" start="2024-09-11T17:09:13.390189" elapsed="0.115061"/>
</kw>
<kw name="Sleep" owner="BuiltIn">
<msg time="2024-09-11T17:09:15.506413" level="INFO">Slept 2 seconds.</msg>
<arg>2</arg>
<doc>Pauses the test executed for the given time.</doc>
<status status="PASS" start="2024-09-11T17:09:13.506246" elapsed="2.000167"/>
</kw>
<kw name="Element Text Should Be" owner="SeleniumLibrary">
<msg time="2024-09-11T17:09:15.507625" level="INFO">Verifying element 'xpath://*[contains(text(), 'REMOVE')]' contains exact text 'REMOVE'.</msg>
<arg>${remove_locator}</arg>
<arg>${remove_text}</arg>
<doc>Verifies that element ``locator`` contains exact the text ``expected``.</doc>
<status status="PASS" start="2024-09-11T17:09:15.506413" elapsed="0.026690"/>
</kw>
<status status="PASS" start="2024-09-11T17:09:13.389192" elapsed="2.143911"/>
</kw>
<status status="PASS" start="2024-09-11T17:09:06.441733" elapsed="9.091370"/>
</test>
<doc>To check the login page with valid credentials</doc>
<status status="PASS" start="2024-09-11T17:08:59.205996" elapsed="16.328155"/>
</suite>
<status status="PASS" start="2024-09-11T17:08:59.190332" elapsed="16.344840"/>
</suite>
<statistics>
<total>
<stat pass="2" fail="0" skip="0">All Tests</stat>
</total>
<tag>
</tag>
<suite>
<stat pass="2" fail="0" skip="0" id="s1" name="Login">Login</stat>
<stat pass="2" fail="0" skip="0" id="s1-s1" name="Login">Login.Login</stat>
</suite>
</statistics>
<errors>
</errors>
</robot>
